Arguments: 
  C:\Program Files\nodejs\node.exe C:\Program Files\nodejs\node_modules\yarn\bin\yarn.js add express morgan graphql-tag apollo-server-express

PATH: 
  C:\Users\Justice\bin;C:\Program Files\Git\mingw64\bin;C:\Program Files\Git\usr\local\bin;C:\Program Files\Git\usr\bin;C:\Program Files\Git\usr\bin;C:\Program Files\Git\mingw64\bin;C:\Program Files\Git\usr\bin;C:\Users\Justice\bin;C:\Program Files\Common Files\Oracle\Java\javapath;C:\Program Files\Python39\Scripts;C:\Program Files\Python39;C:\WINDOWS\system32;C:\WINDOWS;C:\WINDOWS\System32\Wbem;C:\WINDOWS\System32\WindowsPowerShell\v1.0;C:\WINDOWS\System32\OpenSSH;C:\Program Files\Git\cmd;C:\Users\Justice\AppData\Roaming\nvm;C:\Program Files\nodejs;C:\Program Files (x86)\Intel\Intel(R) Management Engine Components\DAL;C:\Program Files\Intel\Intel(R) Management Engine Components\DAL;C:\Program Files\ngrok;C:\flutter\bin;C:\Users\Justice\AppData\Local\Microsoft\WindowsApps;C:\Users\Justice\AppData\Local\Programs\Microsoft VS Code Insiders\bin;C:\Users\Justice\AppData\Roaming\nvm;C:\Program Files\nodejs;C:\Users\Justice\AppData\Local\GitHubDesktop\bin;C:\Users\Justice\AppData\Local\Programs\Microsoft VS Code\bin;C:\Program Files\heroku\bin;C:\Program Files\Git\usr\bin\vendor_perl;C:\Program Files\Git\usr\bin\core_perl

Yarn version: 
  1.22.15

Node version: 
  14.18.1

Platform: 
  win32 x64

Trace: 
  Error: getaddrinfo ENOTFOUND registry.yarnpkg.com
      at GetAddrInfoReqWrap.onlookup [as oncomplete] (dns.js:71:26)

npm manifest: 
  {
    "name": "bsocial-assessment",
    "version": "1.0.0",
    "main": "index.js",
    "author": "botchway44",
    "license": "MIT",
  
    "scripts": {
      "start": "node index.js",
      "dev" : "nodemon index.js"
    }
  }

yarn manifest: 
  No manifest

Lockfile: 
  No lockfile
